
> docapp@0.1.0 start /root/Frontend/WebPortal
> export PORT=8001 && react-scripts start

[34mℹ[39m [90m｢wds｣[39m: Project is running at http://0.0.0.0:8001/
[34mℹ[39m [90m｢wds｣[39m: webpack output is served from 
[34mℹ[39m [90m｢wds｣[39m: Content not from webpack is served from /root/Frontend/WebPortal/public
[34mℹ[39m [90m｢wds｣[39m: 404s will fallback to /
Starting the development server...

events.js:183
      throw er; // Unhandled 'error' event
      ^

Error: EBADF: bad file descriptor, read
npm ERR! code ELIFECYCLE
npm ERR! errno 1
npm ERR! docapp@0.1.0 start: `export PORT=8001 && react-scripts start`
npm ERR! Exit status 1
npm ERR! 
npm ERR! Failed at the docapp@0.1.0 start script.
npm ERR! This is probably not a problem with npm. There is likely additional logging output above.

npm ERR! A complete log of this run can be found in:
npm ERR!     /root/.npm/_logs/2020-07-30T15_03_17_703Z-debug.log
